Started ...
started loading collection c_init ...
done!
started loading collection c_bco ...
done!
started loading collection c_extract ...
done!
started loading collection c_html ...
done!
started loading collection c_history ...
done!
started loading collection c_organism ...
done!
started loading collection c_biosample ...
done!
started loading collection c_assemblyqc ...
done!
started loading collection c_ngsqc ...
done!
started loading collection c_siteqc ...
done!
started loading collection c_fieldmap ...
done!
started loading collection c_records ...
done!
